/home/kareem/ros2_ws/install/hello_ros2/lib/python3.10/site-packages/hello_ros2/waypoint_navigator.py
/home/kareem/ros2_ws/install/hello_ros2/lib/python3.10/site-packages/hello_ros2/__init__.py
/home/kareem/ros2_ws/install/hello_ros2/lib/python3.10/site-packages/hello_ros2/hello_subscriber.py
/home/kareem/ros2_ws/install/hello_ros2/lib/python3.10/site-packages/hello_ros2/hello_node.py
/home/kareem/ros2_ws/install/hello_ros2/lib/python3.10/site-packages/hello_ros2/__pycache__/waypoint_navigator.cpython-310.pyc
/home/kareem/ros2_ws/install/hello_ros2/lib/python3.10/site-packages/hello_ros2/__pycache__/__init__.cpython-310.pyc
/home/kareem/ros2_ws/install/hello_ros2/lib/python3.10/site-packages/hello_ros2/__pycache__/hello_subscriber.cpython-310.pyc
/home/kareem/ros2_ws/install/hello_ros2/lib/python3.10/site-packages/hello_ros2/__pycache__/hello_node.cpython-310.pyc
/home/kareem/ros2_ws/install/hello_ros2/share/ament_index/resource_index/packages/hello_ros2
/home/kareem/ros2_ws/install/hello_ros2/share/hello_ros2/package.xml
/home/kareem/ros2_ws/install/hello_ros2/lib/python3.10/site-packages/hello_ros2-0.0.0-py3.10.egg-info/requires.txt
/home/kareem/ros2_ws/install/hello_ros2/lib/python3.10/site-packages/hello_ros2-0.0.0-py3.10.egg-info/SOURCES.txt
/home/kareem/ros2_ws/install/hello_ros2/lib/python3.10/site-packages/hello_ros2-0.0.0-py3.10.egg-info/zip-safe
/home/kareem/ros2_ws/install/hello_ros2/lib/python3.10/site-packages/hello_ros2-0.0.0-py3.10.egg-info/top_level.txt
/home/kareem/ros2_ws/install/hello_ros2/lib/python3.10/site-packages/hello_ros2-0.0.0-py3.10.egg-info/entry_points.txt
/home/kareem/ros2_ws/install/hello_ros2/lib/python3.10/site-packages/hello_ros2-0.0.0-py3.10.egg-info/dependency_links.txt
/home/kareem/ros2_ws/install/hello_ros2/lib/python3.10/site-packages/hello_ros2-0.0.0-py3.10.egg-info/PKG-INFO
/home/kareem/ros2_ws/install/hello_ros2/lib/hello_ros2/hello_node
/home/kareem/ros2_ws/install/hello_ros2/lib/hello_ros2/hello_subscriber
/home/kareem/ros2_ws/install/hello_ros2/lib/hello_ros2/waypoint_navigator
