[0.450s] Invoking command in '/home/kareem/ros2_ws/src/hello_ros2': PYTHONPATH=/home/kareem/ros2_ws/build/hello_ros2/prefix_override:/usr/lib/python3/dist-packages/colcon_core/task/python/colcon_distutils_commands:/home/kareem/ros2_ws/install/hello_ros2/lib/python3.10/site-packages:${PYTHONPATH} /usr/bin/python3 -W ignore:setup.py install is deprecated -W ignore:easy_install command is deprecated setup.py egg_info --egg-base ../../build/hello_ros2 build --build-base /home/kareem/ros2_ws/build/hello_ros2/build install --record /home/kareem/ros2_ws/build/hello_ros2/install.log --single-version-externally-managed install_data
[0.569s] running egg_info
[0.569s] creating ../../build/hello_ros2/hello_ros2.egg-info
[0.569s] writing ../../build/hello_ros2/hello_ros2.egg-info/PKG-INFO
[0.569s] writing dependency_links to ../../build/hello_ros2/hello_ros2.egg-info/dependency_links.txt
[0.569s] writing entry points to ../../build/hello_ros2/hello_ros2.egg-info/entry_points.txt
[0.570s] writing requirements to ../../build/hello_ros2/hello_ros2.egg-info/requires.txt
[0.570s] writing top-level names to ../../build/hello_ros2/hello_ros2.egg-info/top_level.txt
[0.570s] writing manifest file '../../build/hello_ros2/hello_ros2.egg-info/SOURCES.txt'
[0.571s] reading manifest file '../../build/hello_ros2/hello_ros2.egg-info/SOURCES.txt'
[0.571s] writing manifest file '../../build/hello_ros2/hello_ros2.egg-info/SOURCES.txt'
[0.571s] running build
[0.571s] running build_py
[0.571s] creating /home/kareem/ros2_ws/build/hello_ros2/build
[0.571s] creating /home/kareem/ros2_ws/build/hello_ros2/build/lib
[0.572s] creating /home/kareem/ros2_ws/build/hello_ros2/build/lib/hello_ros2
[0.572s] copying hello_ros2/__init__.py -> /home/kareem/ros2_ws/build/hello_ros2/build/lib/hello_ros2
[0.572s] copying hello_ros2/hello_subscriber.py -> /home/kareem/ros2_ws/build/hello_ros2/build/lib/hello_ros2
[0.572s] copying hello_ros2/hello_node.py -> /home/kareem/ros2_ws/build/hello_ros2/build/lib/hello_ros2
[0.572s] running install
[0.572s] running install_lib
[0.572s] creating /home/kareem/ros2_ws/install/hello_ros2/lib/python3.10/site-packages/hello_ros2
[0.572s] copying /home/kareem/ros2_ws/build/hello_ros2/build/lib/hello_ros2/__init__.py -> /home/kareem/ros2_ws/install/hello_ros2/lib/python3.10/site-packages/hello_ros2
[0.572s] copying /home/kareem/ros2_ws/build/hello_ros2/build/lib/hello_ros2/hello_subscriber.py -> /home/kareem/ros2_ws/install/hello_ros2/lib/python3.10/site-packages/hello_ros2
[0.572s] copying /home/kareem/ros2_ws/build/hello_ros2/build/lib/hello_ros2/hello_node.py -> /home/kareem/ros2_ws/install/hello_ros2/lib/python3.10/site-packages/hello_ros2
[0.573s] byte-compiling /home/kareem/ros2_ws/install/hello_ros2/lib/python3.10/site-packages/hello_ros2/__init__.py to __init__.cpython-310.pyc
[0.573s] byte-compiling /home/kareem/ros2_ws/install/hello_ros2/lib/python3.10/site-packages/hello_ros2/hello_subscriber.py to hello_subscriber.cpython-310.pyc
[0.573s] byte-compiling /home/kareem/ros2_ws/install/hello_ros2/lib/python3.10/site-packages/hello_ros2/hello_node.py to hello_node.cpython-310.pyc
[0.573s] running install_data
[0.573s] creating /home/kareem/ros2_ws/install/hello_ros2/share/ament_index
[0.573s] creating /home/kareem/ros2_ws/install/hello_ros2/share/ament_index/resource_index
[0.574s] creating /home/kareem/ros2_ws/install/hello_ros2/share/ament_index/resource_index/packages
[0.574s] copying resource/hello_ros2 -> /home/kareem/ros2_ws/install/hello_ros2/share/ament_index/resource_index/packages
[0.574s] copying package.xml -> /home/kareem/ros2_ws/install/hello_ros2/share/hello_ros2
[0.574s] running install_egg_info
[0.575s] Copying ../../build/hello_ros2/hello_ros2.egg-info to /home/kareem/ros2_ws/install/hello_ros2/lib/python3.10/site-packages/hello_ros2-0.0.0-py3.10.egg-info
[0.575s] running install_scripts
[0.589s] Installing hello_node script to /home/kareem/ros2_ws/install/hello_ros2/lib/hello_ros2
[0.589s] Installing hello_subscriber script to /home/kareem/ros2_ws/install/hello_ros2/lib/hello_ros2
[0.589s] writing list of installed files to '/home/kareem/ros2_ws/build/hello_ros2/install.log'
[0.603s] Invoked command in '/home/kareem/ros2_ws/src/hello_ros2' returned '0': PYTHONPATH=/home/kareem/ros2_ws/build/hello_ros2/prefix_override:/usr/lib/python3/dist-packages/colcon_core/task/python/colcon_distutils_commands:/home/kareem/ros2_ws/install/hello_ros2/lib/python3.10/site-packages:${PYTHONPATH} /usr/bin/python3 -W ignore:setup.py install is deprecated -W ignore:easy_install command is deprecated setup.py egg_info --egg-base ../../build/hello_ros2 build --build-base /home/kareem/ros2_ws/build/hello_ros2/build install --record /home/kareem/ros2_ws/build/hello_ros2/install.log --single-version-externally-managed install_data
