[1.480s] Invoking command in '/home/kareem/ros2_ws/src/hello_ros2': PYTHONPATH=/home/kareem/ros2_ws/build/hello_ros2/prefix_override:/usr/lib/python3/dist-packages/colcon_core/task/python/colcon_distutils_commands:/home/kareem/ros2_ws/install/hello_ros2/lib/python3.10/site-packages:${PYTHONPATH} /usr/bin/python3 -W ignore:setup.py install is deprecated -W ignore:easy_install command is deprecated setup.py egg_info --egg-base ../../build/hello_ros2 build --build-base /home/kareem/ros2_ws/build/hello_ros2/build install --record /home/kareem/ros2_ws/build/hello_ros2/install.log --single-version-externally-managed install_data
[2.198s] running egg_info
[2.199s] writing ../../build/hello_ros2/hello_ros2.egg-info/PKG-INFO
[2.200s] writing dependency_links to ../../build/hello_ros2/hello_ros2.egg-info/dependency_links.txt
[2.200s] writing entry points to ../../build/hello_ros2/hello_ros2.egg-info/entry_points.txt
[2.201s] writing requirements to ../../build/hello_ros2/hello_ros2.egg-info/requires.txt
[2.201s] writing top-level names to ../../build/hello_ros2/hello_ros2.egg-info/top_level.txt
[2.214s] reading manifest file '../../build/hello_ros2/hello_ros2.egg-info/SOURCES.txt'
[2.214s] writing manifest file '../../build/hello_ros2/hello_ros2.egg-info/SOURCES.txt'
[2.215s] running build
[2.215s] running build_py
[2.215s] copying hello_ros2/waypoint_navigator.py -> /home/kareem/ros2_ws/build/hello_ros2/build/lib/hello_ros2
[2.221s] running install
[2.221s] running install_lib
[2.222s] copying /home/kareem/ros2_ws/build/hello_ros2/build/lib/hello_ros2/waypoint_navigator.py -> /home/kareem/ros2_ws/install/hello_ros2/lib/python3.10/site-packages/hello_ros2
[2.223s] byte-compiling /home/kareem/ros2_ws/install/hello_ros2/lib/python3.10/site-packages/hello_ros2/waypoint_navigator.py to waypoint_navigator.cpython-310.pyc
[2.225s] running install_data
[2.225s] running install_egg_info
[2.230s] removing '/home/kareem/ros2_ws/install/hello_ros2/lib/python3.10/site-packages/hello_ros2-0.0.0-py3.10.egg-info' (and everything under it)
[2.231s] Copying ../../build/hello_ros2/hello_ros2.egg-info to /home/kareem/ros2_ws/install/hello_ros2/lib/python3.10/site-packages/hello_ros2-0.0.0-py3.10.egg-info
[2.233s] running install_scripts
[2.295s] Installing hello_node script to /home/kareem/ros2_ws/install/hello_ros2/lib/hello_ros2
[2.297s] Installing hello_subscriber script to /home/kareem/ros2_ws/install/hello_ros2/lib/hello_ros2
[2.297s] Installing waypoint_navigator script to /home/kareem/ros2_ws/install/hello_ros2/lib/hello_ros2
[2.299s] writing list of installed files to '/home/kareem/ros2_ws/build/hello_ros2/install.log'
[2.449s] Invoked command in '/home/kareem/ros2_ws/src/hello_ros2' returned '0': PYTHONPATH=/home/kareem/ros2_ws/build/hello_ros2/prefix_override:/usr/lib/python3/dist-packages/colcon_core/task/python/colcon_distutils_commands:/home/kareem/ros2_ws/install/hello_ros2/lib/python3.10/site-packages:${PYTHONPATH} /usr/bin/python3 -W ignore:setup.py install is deprecated -W ignore:easy_install command is deprecated setup.py egg_info --egg-base ../../build/hello_ros2 build --build-base /home/kareem/ros2_ws/build/hello_ros2/build install --record /home/kareem/ros2_ws/build/hello_ros2/install.log --single-version-externally-managed install_data
